Анализ изменений в структуре информации.
New DD generate...
Old DD open process...
New DD open process...
Old DB open access...
Справочник ТекущиеЛицензииSDE - новый реквизит - DateFrom.
Справочник ТекущиеЛицензииSDE - новый реквизит - DateTo.
Справочник ТекущиеЛицензииSDE - новый реквизит - SupportID.
Справочник ТекущиеЛицензииSDE - новый реквизит - Promo.
Обработка справочника:  ТекущиеЛицензииSDE
Create Table SC8763
Open Table SC8763
Meta Data File write progress...
Meta Data File write complete...
Copy new files to main directory progress...
Copy all *.cdx
Copy all *.dbf
Copy Recalc file
Copy Data dictionary file
Copy MetaData file
Copy new files to main directory complete...
Delete table CJPROP
Delete table CL
